<?xml version="1.0" encoding="UTF-8"?>
<coverage generated="1657212935707" clover="3.2.0">
  <project timestamp="1657212935707" name="All files">
    <metrics statements="13" coveredstatements="5" conditionals="4" coveredconditionals="0" methods="10" coveredmethods="2" elements="27" coveredelements="7" complexity="0" loc="13" ncloc="13" packages="1" files="1" classes="1"/>
    <file name="person.js" path="/Users/stesmith/personal/vue-times-news/src/store/person.js">
      <metrics statements="13" coveredstatements="5" conditionals="4" coveredconditionals="0" methods="10" coveredmethods="2"/>
      <line num="2" count="1" type="stmt"/>
      <line num="4" count="0" type="stmt"/>
      <line num="7" count="1" type="stmt"/>
      <line num="13" count="1" type="stmt"/>
      <line num="17" count="4" type="stmt"/>
      <line num="27" count="0" type="stmt"/>
      <line num="28" count="0" type="stmt"/>
      <line num="37" count="0" type="cond" truecount="0" falsecount="2"/>
      <line num="38" count="0" type="stmt"/>
      <line num="48" count="0" type="cond" truecount="0" falsecount="2"/>
      <line num="49" count="0" type="stmt"/>
      <line num="58" count="0" type="stmt"/>
      <line num="68" count="1" type="stmt"/>
    </file>
  </project>
</coverage>
