<?xml version="1.0" encoding="UTF-8"?>
<coverage generated="1657560667669" clover="3.2.0">
  <project timestamp="1657560667669" name="All files">
    <metrics statements="21" coveredstatements="8" conditionals="10" coveredconditionals="1" methods="17" coveredmethods="6" elements="48" coveredelements="15" complexity="0" loc="21" ncloc="21" packages="1" files="1" classes="1"/>
    <file name="person.js" path="/Users/stesmith/personal/vue-times-news/src/store/person.js">
      <metrics statements="21" coveredstatements="8" conditionals="10" coveredconditionals="1" methods="17" coveredmethods="6"/>
      <line num="2" count="9" type="stmt"/>
      <line num="3" count="1" type="stmt"/>
      <line num="5" count="3" type="stmt"/>
      <line num="6" count="0" type="stmt"/>
      <line num="7" count="0" type="cond" truecount="0" falsecount="2"/>
      <line num="9" count="0" type="stmt"/>
      <line num="13" count="0" type="stmt"/>
      <line num="15" count="0" type="cond" truecount="0" falsecount="2"/>
      <line num="17" count="1" type="stmt"/>
      <line num="23" count="1" type="cond" truecount="1" falsecount="1"/>
      <line num="24" count="1" type="stmt"/>
      <line num="25" count="4" type="stmt"/>
      <line num="38" count="0" type="stmt"/>
      <line num="39" count="0" type="stmt"/>
      <line num="48" count="0" type="cond" truecount="0" falsecount="2"/>
      <line num="49" count="0" type="stmt"/>
      <line num="59" count="0" type="cond" truecount="0" falsecount="2"/>
      <line num="60" count="0" type="stmt"/>
      <line num="61" count="0" type="stmt"/>
      <line num="72" count="0" type="stmt"/>
      <line num="83" count="3" type="stmt"/>
    </file>
  </project>
</coverage>
