{"/Users/stesmith/personal/vue-times-news/src/store/person.js": {"path":"/Users/stesmith/personal/vue-times-news/src/store/person.js","statementMap":{"0":{"start":{"line":2,"column":26},"end":{"line":2,"column":71}},"1":{"start":{"line":2,"column":39},"end":{"line":2,"column":71}},"2":{"start":{"line":2,"column":58},"end":{"line":2,"column":59}},"3":{"start":{"line":3,"column":16},"end":{"line":16,"column":1}},"4":{"start":{"line":5,"column":2},"end":{"line":5,"column":102}},"5":{"start":{"line":6,"column":29},"end":{"line":6,"column":47}},"6":{"start":{"line":7,"column":29},"end":{"line":7,"column":79}},"7":{"start":{"line":9,"column":2},"end":{"line":12,"column":32}},"8":{"start":{"line":13,"column":35},"end":{"line":13,"column":56}},"9":{"start":{"line":15,"column":4},"end":{"line":15,"column":60}},"10":{"start":{"line":17,"column":16},"end":{"line":74,"column":1}},"11":{"start":{"line":23,"column":4},"end":{"line":27,"column":5}},"12":{"start":{"line":24,"column":6},"end":{"line":26,"column":8}},"13":{"start":{"line":25,"column":8},"end":{"line":25,"column":35}},"14":{"start":{"line":38,"column":4},"end":{"line":38,"column":28}},"15":{"start":{"line":39,"column":4},"end":{"line":39,"column":34}},"16":{"start":{"line":48,"column":4},"end":{"line":50,"column":5}},"17":{"start":{"line":49,"column":6},"end":{"line":49,"column":80}},"18":{"start":{"line":49,"column":52},"end":{"line":49,"column":78}},"19":{"start":{"line":59,"column":4},"end":{"line":63,"column":5}},"20":{"start":{"line":60,"column":6},"end":{"line":62,"column":8}},"21":{"start":{"line":61,"column":8},"end":{"line":61,"column":37}},"22":{"start":{"line":72,"column":4},"end":{"line":72,"column":55}},"23":{"start":{"line":83,"column":14},"end":{"line":86,"column":2}},"24":{"start":{"line":83,"column":21},"end":{"line":86,"column":1}}},"fnMap":{"0":{"name":"(anonymous_0)","decl":{"start":{"line":2,"column":26},"end":{"line":2,"column":27}},"loc":{"start":{"line":2,"column":39},"end":{"line":2,"column":71}},"line":2},"1":{"name":"(anonymous_1)","decl":{"start":{"line":2,"column":51},"end":{"line":2,"column":52}},"loc":{"start":{"line":2,"column":58},"end":{"line":2,"column":59}},"line":2},"2":{"name":"(anonymous_2)","decl":{"start":{"line":4,"column":13},"end":{"line":4,"column":14}},"loc":{"start":{"line":5,"column":2},"end":{"line":5,"column":102}},"line":5},"3":{"name":"(anonymous_3)","decl":{"start":{"line":6,"column":14},"end":{"line":6,"column":15}},"loc":{"start":{"line":6,"column":29},"end":{"line":6,"column":47}},"line":6},"4":{"name":"(anonymous_4)","decl":{"start":{"line":7,"column":14},"end":{"line":7,"column":15}},"loc":{"start":{"line":7,"column":29},"end":{"line":7,"column":79}},"line":7},"5":{"name":"(anonymous_5)","decl":{"start":{"line":8,"column":16},"end":{"line":8,"column":17}},"loc":{"start":{"line":9,"column":2},"end":{"line":12,"column":32}},"line":9},"6":{"name":"(anonymous_6)","decl":{"start":{"line":13,"column":17},"end":{"line":13,"column":18}},"loc":{"start":{"line":13,"column":35},"end":{"line":13,"column":56}},"line":13},"7":{"name":"(anonymous_7)","decl":{"start":{"line":14,"column":17},"end":{"line":14,"column":18}},"loc":{"start":{"line":15,"column":4},"end":{"line":15,"column":60}},"line":15},"8":{"name":"(anonymous_8)","decl":{"start":{"line":22,"column":2},"end":{"line":22,"column":3}},"loc":{"start":{"line":22,"column":39},"end":{"line":28,"column":3}},"line":22},"9":{"name":"(anonymous_9)","decl":{"start":{"line":24,"column":64},"end":{"line":24,"column":65}},"loc":{"start":{"line":25,"column":8},"end":{"line":25,"column":35}},"line":25},"10":{"name":"(anonymous_10)","decl":{"start":{"line":37,"column":2},"end":{"line":37,"column":3}},"loc":{"start":{"line":37,"column":48},"end":{"line":40,"column":3}},"line":37},"11":{"name":"(anonymous_11)","decl":{"start":{"line":47,"column":2},"end":{"line":47,"column":3}},"loc":{"start":{"line":47,"column":27},"end":{"line":51,"column":3}},"line":47},"12":{"name":"(anonymous_12)","decl":{"start":{"line":49,"column":36},"end":{"line":49,"column":37}},"loc":{"start":{"line":49,"column":52},"end":{"line":49,"column":78}},"line":49},"13":{"name":"(anonymous_13)","decl":{"start":{"line":58,"column":2},"end":{"line":58,"column":3}},"loc":{"start":{"line":58,"column":33},"end":{"line":64,"column":3}},"line":58},"14":{"name":"(anonymous_14)","decl":{"start":{"line":60,"column":39},"end":{"line":60,"column":40}},"loc":{"start":{"line":61,"column":8},"end":{"line":61,"column":37}},"line":61},"15":{"name":"(anonymous_15)","decl":{"start":{"line":71,"column":2},"end":{"line":71,"column":3}},"loc":{"start":{"line":71,"column":23},"end":{"line":73,"column":3}},"line":71},"16":{"name":"(anonymous_16)","decl":{"start":{"line":83,"column":14},"end":{"line":83,"column":15}},"loc":{"start":{"line":83,"column":21},"end":{"line":86,"column":1}},"line":83}},"branchMap":{"0":{"loc":{"start":{"line":7,"column":29},"end":{"line":7,"column":79}},"type":"binary-expr","locations":[{"start":{"line":7,"column":29},"end":{"line":7,"column":51}},{"start":{"line":7,"column":55},"end":{"line":7,"column":79}}],"line":7},"1":{"loc":{"start":{"line":15,"column":4},"end":{"line":15,"column":60}},"type":"binary-expr","locations":[{"start":{"line":15,"column":4},"end":{"line":15,"column":29}},{"start":{"line":15,"column":33},"end":{"line":15,"column":60}}],"line":15},"2":{"loc":{"start":{"line":23,"column":4},"end":{"line":27,"column":5}},"type":"if","locations":[{"start":{"line":23,"column":4},"end":{"line":27,"column":5}},{"start":{"line":23,"column":4},"end":{"line":27,"column":5}}],"line":23},"3":{"loc":{"start":{"line":48,"column":4},"end":{"line":50,"column":5}},"type":"if","locations":[{"start":{"line":48,"column":4},"end":{"line":50,"column":5}},{"start":{"line":48,"column":4},"end":{"line":50,"column":5}}],"line":48},"4":{"loc":{"start":{"line":59,"column":4},"end":{"line":63,"column":5}},"type":"if","locations":[{"start":{"line":59,"column":4},"end":{"line":63,"column":5}},{"start":{"line":59,"column":4},"end":{"line":63,"column":5}}],"line":59}},"s":{"0":1,"1":3,"2":9,"3":1,"4":3,"5":0,"6":0,"7":0,"8":0,"9":0,"10":1,"11":1,"12":1,"13":4,"14":0,"15":0,"16":0,"17":0,"18":0,"19":0,"20":0,"21":0,"22":0,"23":1,"24":3},"f":{"0":3,"1":9,"2":3,"3":0,"4":0,"5":0,"6":0,"7":0,"8":1,"9":4,"10":0,"11":0,"12":0,"13":0,"14":0,"15":0,"16":3},"b":{"0":[0,0],"1":[0,0],"2":[1,0],"3":[0,0],"4":[0,0]},"_coverageSchema":"43e27e138ebf9cfc5966b082cf9a028302ed4184","hash":"bdf48698ddde870f02906127bb23018b852b1012"}
}
