TN:
SF:/Users/stesmith/personal/vue-times-news/src/store/person.js
FN:4,(anonymous_0)
FN:8,(anonymous_1)
FN:9,(anonymous_2)
FN:11,(anonymous_3)
FN:15,(anonymous_4)
FN:16,(anonymous_5)
FN:24,(anonymous_6)
FN:26,(anonymous_7)
FN:39,(anonymous_8)
FN:49,(anonymous_9)
FN:51,(anonymous_10)
FN:60,(anonymous_11)
FN:62,(anonymous_12)
FN:73,(anonymous_13)
FN:85,(anonymous_14)
FNF:15
FNH:4
FNDA:3,(anonymous_0)
FNDA:0,(anonymous_1)
FNDA:0,(anonymous_2)
FNDA:0,(anonymous_3)
FNDA:0,(anonymous_4)
FNDA:0,(anonymous_5)
FNDA:1,(anonymous_6)
FNDA:4,(anonymous_7)
FNDA:0,(anonymous_8)
FNDA:0,(anonymous_9)
FNDA:0,(anonymous_10)
FNDA:0,(anonymous_11)
FNDA:0,(anonymous_12)
FNDA:0,(anonymous_13)
FNDA:3,(anonymous_14)
DA:3,1
DA:5,3
DA:8,0
DA:10,0
DA:12,0
DA:15,0
DA:17,0
DA:19,1
DA:25,1
DA:26,1
DA:27,4
DA:40,0
DA:41,0
DA:50,0
DA:51,0
DA:61,0
DA:62,0
DA:63,0
DA:74,0
DA:85,3
LF:20
LH:7
BRDA:5,0,0,3
BRDA:5,0,1,0
BRDA:5,1,0,3
BRDA:5,1,1,1
BRDA:6,2,0,3
BRDA:6,2,1,0
BRDA:10,3,0,0
BRDA:10,3,1,0
BRDA:10,4,0,0
BRDA:10,4,1,0
BRDA:12,5,0,0
BRDA:12,5,1,0
BRDA:12,6,0,0
BRDA:12,6,1,0
BRDA:13,7,0,0
BRDA:13,7,1,0
BRDA:17,8,0,0
BRDA:17,8,1,0
BRDA:17,9,0,0
BRDA:17,9,1,0
BRDA:25,10,0,1
BRDA:25,10,1,0
BRDA:50,11,0,0
BRDA:50,11,1,0
BRDA:61,12,0,0
BRDA:61,12,1,0
BRF:26
BRH:5
end_of_record
