TN:
SF:/Users/stesmith/personal/vue-times-news/src/store/person.js
FN:3,(anonymous_0)
FN:12,(anonymous_1)
FN:17,(anonymous_2)
FN:26,(anonymous_3)
FN:36,(anonymous_4)
FN:38,(anonymous_5)
FN:47,(anonymous_6)
FN:49,(anonymous_7)
FN:57,(anonymous_8)
FN:68,(anonymous_9)
FNF:10
FNH:2
FNDA:0,(anonymous_0)
FNDA:1,(anonymous_1)
FNDA:4,(anonymous_2)
FNDA:0,(anonymous_3)
FNDA:0,(anonymous_4)
FNDA:0,(anonymous_5)
FNDA:0,(anonymous_6)
FNDA:0,(anonymous_7)
FNDA:0,(anonymous_8)
FNDA:0,(anonymous_9)
DA:2,1
DA:4,0
DA:7,1
DA:13,1
DA:17,4
DA:27,0
DA:28,0
DA:37,0
DA:38,0
DA:48,0
DA:49,0
DA:58,0
DA:68,1
LF:13
LH:5
BRDA:37,0,0,0
BRDA:37,0,1,0
BRDA:48,1,0,0
BRDA:48,1,1,0
BRF:4
BRH:0
end_of_record
